# JRE version: Java(TM) SE Runtime Environment (8.0_31-b13) (build 1.8.0_31-b13)
# Java VM: Java HotSpot(TM) Client VM (25.31-b07 mixed mode windows-x86 )
Heap:
 def new generation   total 28352K, used 10688K [0x03e00000, 0x05cc0000, 0x19350000)
  eden space 25216K,  42% used [0x03e00000, 0x048702a0, 0x056a0000)
  from space 3136K,   0% used [0x056a0000, 0x056a0000, 0x059b0000)
  to   space 3136K,   0% used [0x059b0000, 0x059b0000, 0x05cc0000)
 tenured generation   total 62788K, used 37672K [0x19350000, 0x1d0a1000, 0x43e00000)
   the space 62788K,  59% used [0x19350000, 0x1b81a2e8, 0x1b81a400, 0x1d0a1000)
 Metaspace       used 37364K, capacity 38509K, committed 39424K, reserved 40320K
GC Heap History (10 events):
Event: 1342.746 GC heap before
{Heap before GC invocations=134 (full 6):
 def new generation   total 22272K, used 20693K [0x03e00000, 0x05620000, 0x19350000)
  eden space 19840K, 100% used [0x03e00000, 0x05160000, 0x05160000)
  from space 2432K,  35% used [0x053c0000, 0x05495408, 0x05620000)
  to   space 2432K,   0% used [0x05160000, 0x05160000, 0x053c0000)
 tenured generation   total 49252K, used 45238K [0x19350000, 0x1c369000, 0x43e00000)
   the space 49252K,  91% used [0x19350000, 0x1bf7d838, 0x1bf7da00, 0x1c369000)
 Metaspace       used 37481K, capacity 38816K, committed 38912K, reserved 39296K
Event: 1342.758 GC heap after
Heap after GC invocations=135 (full 6):
 def new generation   total 22272K, used 1802K [0x03e00000, 0x05620000, 0x19350000)
  eden space 19840K,   0% used [0x03e00000, 0x03e00000, 0x05160000)
  from space 2432K,  74% used [0x05160000, 0x05322a90, 0x053c0000)
  to   space 2432K,   0% used [0x053c0000, 0x053c0000, 0x05620000)
 tenured generation   total 49252K, used 45238K [0x19350000, 0x1c369000, 0x43e00000)
   the space 49252K,  91% used [0x19350000, 0x1bf7d838, 0x1bf7da00, 0x1c369000)
 Metaspace       used 37481K, capacity 38816K, committed 38912K, reserved 39296K
}
Event: 1343.846 GC heap before
{Heap before GC invocations=135 (full 6):
 def new generation   total 22272K, used 21642K [0x03e00000, 0x05620000, 0x19350000)
  eden space 19840K, 100% used [0x03e00000, 0x05160000, 0x05160000)
  from space 2432K,  74% used [0x05160000, 0x05322a90, 0x053c0000)
  to   space 2432K,   0% used [0x053c0000, 0x053c0000, 0x05620000)
 tenured generation   total 49252K, used 45238K [0x19350000, 0x1c369000, 0x43e00000)
   the space 49252K,  91% used [0x19350000, 0x1bf7d838, 0x1bf7da00, 0x1c369000)
 Metaspace       used 37524K, capacity 38874K, committed 38912K, reserved 39296K
Event: 1343.866 GC heap after
Heap after GC invocations=136 (full 6):
 def new generation   total 22272K, used 1857K [0x03e00000, 0x05620000, 0x19350000)
  eden space 19840K,   0% used [0x03e00000, 0x03e00000, 0x05160000)
  from space 2432K,  76% used [0x053c0000, 0x05590500, 0x05620000)
  to   space 2432K,   0% used [0x05160000, 0x05160000, 0x053c0000)
 tenured generation   total 49252K, used 46404K [0x19350000, 0x1c369000, 0x43e00000)
   the space 49252K,  94% used [0x19350000, 0x1c0a12f0, 0x1c0a1400, 0x1c369000)
 Metaspace       used 37524K, capacity 38874K, committed 38912K, reserved 39296K
}
Event: 1352.950 GC heap before
{Heap before GC invocations=136 (full 6):
 def new generation   total 22272K, used 21697K [0x03e00000, 0x05620000, 0x19350000)
  eden space 19840K, 100% used [0x03e00000, 0x05160000, 0x05160000)
  from space 2432K,  76% used [0x053c0000, 0x05590500, 0x05620000)
  to   space 2432K,   0% used [0x05160000, 0x05160000, 0x053c0000)
 tenured generation   total 49252K, used 46404K [0x19350000, 0x1c369000, 0x43e00000)
   the space 49252K,  94% used [0x19350000, 0x1c0a12f0, 0x1c0a1400, 0x1c369000)
 Metaspace       used 37980K, capacity 39342K, committed 39424K, reserved 40320K
Event: 1352.971 GC heap after
Heap after GC invocations=137 (full 6):
 def new generation   total 22272K, used 1529K [0x03e00000, 0x05620000, 0x19350000)
  eden space 19840K,   0% used [0x03e00000, 0x03e00000, 0x05160000)
  from space 2432K,  62% used [0x05160000, 0x052de488, 0x053c0000)
  to   space 2432K,   0% used [0x053c0000, 0x053c0000, 0x05620000)
 tenured generation   total 49252K, used 47847K [0x19350000, 0x1c369000, 0x43e00000)
   the space 49252K,  97% used [0x19350000, 0x1c209f00, 0x1c20a000, 0x1c369000)
 Metaspace       used 37980K, capacity 39342K, committed 39424K, reserved 40320K
}
Event: 1355.488 GC heap before
{Heap before GC invocations=137 (full 6):
 def new generation   total 22272K, used 21369K [0x03e00000, 0x05620000, 0x19350000)
  eden space 19840K, 100% used [0x03e00000, 0x05160000, 0x05160000)
  from space 2432K,  62% used [0x05160000, 0x052de488, 0x053c0000)
  to   space 2432K,   0% used [0x053c0000, 0x053c0000, 0x05620000)
 tenured generation   total 49252K, used 47847K [0x19350000, 0x1c369000, 0x43e00000)
   the space 49252K,  97% used [0x19350000, 0x1c209f00, 0x1c20a000, 0x1c369000)
 Metaspace       used 38003K, capacity 39376K, committed 39424K, reserved 40320K
Event: 1355.514 GC heap after
Heap after GC invocations=138 (full 6):
 def new generation   total 22272K, used 2432K [0x03e00000, 0x05620000, 0x19350000)
  eden space 19840K,   0% used [0x03e00000, 0x03e00000, 0x05160000)
  from space 2432K, 100% used [0x053c0000, 0x05620000, 0x05620000)
  to   space 2432K,   0% used [0x05160000, 0x05160000, 0x053c0000)
 tenured generation   total 49252K, used 49178K [0x19350000, 0x1c369000, 0x43e00000)
   the space 49252K,  99% used [0x19350000, 0x1c356858, 0x1c356a00, 0x1c369000)
 Metaspace       used 38003K, capacity 39376K, committed 39424K, reserved 40320K
}
Event: 1359.884 GC heap before
{Heap before GC invocations=138 (full 6):
 def new generation   total 22272K, used 22272K [0x03e00000, 0x05620000, 0x19350000)
  eden space 19840K, 100% used [0x03e00000, 0x05160000, 0x05160000)
  from space 2432K, 100% used [0x053c0000, 0x05620000, 0x05620000)
  to   space 2432K,   0% used [0x05160000, 0x05160000, 0x053c0000)
 tenured generation   total 49252K, used 49178K [0x19350000, 0x1c369000, 0x43e00000)
   the space 49252K,  99% used [0x19350000, 0x1c356858, 0x1c356a00, 0x1c369000)
 Metaspace       used 38009K, capacity 39376K, committed 39424K, reserved 40320K
Event: 1360.252 GC heap after
Heap after GC invocations=139 (full 7):
 def new generation   total 28352K, used 0K [0x03e00000, 0x05cc0000, 0x19350000)
  eden space 25216K,   0% used [0x03e00000, 0x03e00000, 0x056a0000)
  from space 3136K,   0% used [0x056a0000, 0x056a0000, 0x059b0000)
  to   space 3136K,   0% used [0x059b0000, 0x059b0000, 0x05cc0000)
 tenured generation   total 62788K, used 37672K [0x19350000, 0x1d0a1000, 0x43e00000)
   the space 62788K,  59% used [0x19350000, 0x1b81a2e8, 0x1b81a400, 0x1d0a1000)
 Metaspace       used 37150K, capacity 38304K, committed 39424K, reserved 40320K
}

